2024-09-17 10:06:18,171 [Worker-2: Loading available Gradle versions] INFO  o.e.b.c.i.u.g.PublishedGradleVersions - Gradle version information cache is up-to-date. Trying to read.
2024-09-17 10:06:36,756 [Worker-29: Building] INFO  o.e.m.c.i.l.LifecycleMappingFactory - Using org.eclipse.m2e.jdt.JarLifecycleMapping lifecycle mapping for MavenProject: org.example:TP1_1:1.0-SNAPSHOT @ /home/e20190006130/Documents/M2/logiciel/fr.td1/pom.xml.
2024-09-17 10:06:37,005 [Worker-29: Building] INFO  o.e.m.c.i.e.AbstractTransferListenerAdapter - Downloading https://repo.maven.apache.org/maven2/org/eclipse/tycho/org.eclipse.jdt.core/3.9.1.v20130905-0837/org.eclipse.jdt.core-3.9.1.v20130905-0837.pom
2024-09-17 10:06:37,047 [Worker-29: Building] INFO  o.e.m.c.i.e.AbstractTransferListenerAdapter - Downloaded https://repo.maven.apache.org/maven2/org/eclipse/tycho/org.eclipse.jdt.core/3.9.1.v20130905-0837/org.eclipse.jdt.core-3.9.1.v20130905-0837.pom
2024-09-17 10:06:37,093 [Worker-29: Building] INFO  o.e.m.c.i.e.AbstractTransferListenerAdapter - Downloading https://repo.maven.apache.org/maven2/org/eclipse/core/runtime/3.9.100-v20131218-1515/runtime-3.9.100-v20131218-1515.pom
2024-09-17 10:06:37,127 [Worker-29: Building] INFO  o.e.m.c.i.e.AbstractTransferListenerAdapter - Downloaded https://repo.maven.apache.org/maven2/org/eclipse/core/runtime/3.9.100-v20131218-1515/runtime-3.9.100-v20131218-1515.pom
2024-09-17 10:06:37,171 [Worker-29: Building] INFO  o.e.m.c.i.e.AbstractTransferListenerAdapter - Downloading https://repo.maven.apache.org/maven2/org/eclipse/osgi/maven-metadata.xml
2024-09-17 10:06:37,210 [Worker-29: Building] INFO  o.e.m.c.i.e.AbstractTransferListenerAdapter - Downloaded https://repo.maven.apache.org/maven2/org/eclipse/osgi/maven-metadata.xml
2024-09-17 10:06:37,250 [Worker-29: Building] INFO  o.e.m.c.i.e.AbstractTransferListenerAdapter - Downloading https://repo.maven.apache.org/maven2/org/eclipse/osgi/3.9.1-v20130814-1242/osgi-3.9.1-v20130814-1242.pom
2024-09-17 10:06:37,289 [Worker-29: Building] INFO  o.e.m.c.i.e.AbstractTransferListenerAdapter - Downloaded https://repo.maven.apache.org/maven2/org/eclipse/osgi/3.9.1-v20130814-1242/osgi-3.9.1-v20130814-1242.pom
2024-09-17 10:06:37,328 [Worker-29: Building] INFO  o.e.m.c.i.e.AbstractTransferListenerAdapter - Downloading https://repo.maven.apache.org/maven2/org/eclipse/osgi/3.9.1-v20140110-1610/osgi-3.9.1-v20140110-1610.pom
2024-09-17 10:06:37,362 [Worker-29: Building] INFO  o.e.m.c.i.e.AbstractTransferListenerAdapter - Downloaded https://repo.maven.apache.org/maven2/org/eclipse/osgi/3.9.1-v20140110-1610/osgi-3.9.1-v20140110-1610.pom
2024-09-17 10:06:37,927 [Worker-29: Building] INFO  o.e.m.c.i.e.AbstractTransferListenerAdapter - Downloading https://repo.maven.apache.org/maven2/org/eclipse/osgi/3.10.0-v20140606-1445/osgi-3.10.0-v20140606-1445.pom
2024-09-17 10:06:37,961 [Worker-29: Building] INFO  o.e.m.c.i.e.AbstractTransferListenerAdapter - Downloaded https://repo.maven.apache.org/maven2/org/eclipse/osgi/3.10.0-v20140606-1445/osgi-3.10.0-v20140606-1445.pom
2024-09-17 10:06:38,015 [Worker-29: Building] INFO  o.e.m.c.i.e.AbstractTransferListenerAdapter - Downloading https://repo.maven.apache.org/maven2/org/eclipse/equinox/common/maven-metadata.xml
2024-09-17 10:06:38,056 [Worker-29: Building] INFO  o.e.m.c.i.e.AbstractTransferListenerAdapter - Downloaded https://repo.maven.apache.org/maven2/org/eclipse/equinox/common/maven-metadata.xml
2024-09-17 10:06:38,114 [Worker-29: Building] INFO  o.e.m.c.i.e.AbstractTransferListenerAdapter - Downloading https://repo.maven.apache.org/maven2/org/eclipse/equinox/common/3.6.200-v20130402-1505/common-3.6.200-v20130402-1505.pom
2024-09-17 10:06:38,159 [Worker-29: Building] INFO  o.e.m.c.i.e.AbstractTransferListenerAdapter - Downloaded https://repo.maven.apache.org/maven2/org/eclipse/equinox/common/3.6.200-v20130402-1505/common-3.6.200-v20130402-1505.pom
2024-09-17 10:06:38,212 [Worker-29: Building] INFO  o.e.m.c.i.e.AbstractTransferListenerAdapter - Downloading https://repo.maven.apache.org/maven2/org/eclipse/core/jobs/maven-metadata.xml
2024-09-17 10:06:38,259 [Worker-29: Building] INFO  o.e.m.c.i.e.AbstractTransferListenerAdapter - Downloaded https://repo.maven.apache.org/maven2/org/eclipse/core/jobs/maven-metadata.xml
2024-09-17 10:06:38,311 [Worker-29: Building] INFO  o.e.m.c.i.e.AbstractTransferListenerAdapter - Downloading https://repo.maven.apache.org/maven2/org/eclipse/core/jobs/3.5.300-v20130429-1813/jobs-3.5.300-v20130429-1813.pom
2024-09-17 10:06:38,361 [Worker-29: Building] INFO  o.e.m.c.i.e.AbstractTransferListenerAdapter - Downloaded https://repo.maven.apache.org/maven2/org/eclipse/core/jobs/3.5.300-v20130429-1813/jobs-3.5.300-v20130429-1813.pom
2024-09-17 10:06:38,417 [Worker-29: Building] INFO  o.e.m.c.i.e.AbstractTransferListenerAdapter - Downloading https://repo.maven.apache.org/maven2/org/eclipse/core/jobs/3.6.0-v20140424-0053/jobs-3.6.0-v20140424-0053.pom
2024-09-17 10:06:38,455 [Worker-29: Building] INFO  o.e.m.c.i.e.AbstractTransferListenerAdapter - Downloaded https://repo.maven.apache.org/maven2/org/eclipse/core/jobs/3.6.0-v20140424-0053/jobs-3.6.0-v20140424-0053.pom
2024-09-17 10:06:38,496 [Worker-29: Building] INFO  o.e.m.c.i.e.AbstractTransferListenerAdapter - Downloading https://repo.maven.apache.org/maven2/org/eclipse/equinox/registry/maven-metadata.xml
2024-09-17 10:06:38,536 [Worker-29: Building] INFO  o.e.m.c.i.e.AbstractTransferListenerAdapter - Downloaded https://repo.maven.apache.org/maven2/org/eclipse/equinox/registry/maven-metadata.xml
2024-09-17 10:06:38,569 [Worker-29: Building] INFO  o.e.m.c.i.e.AbstractTransferListenerAdapter - Downloading https://repo.maven.apache.org/maven2/org/eclipse/equinox/registry/3.5.301-v20130717-1549/registry-3.5.301-v20130717-1549.pom
2024-09-17 10:06:38,603 [Worker-29: Building] INFO  o.e.m.c.i.e.AbstractTransferListenerAdapter - Downloaded https://repo.maven.apache.org/maven2/org/eclipse/equinox/registry/3.5.301-v20130717-1549/registry-3.5.301-v20130717-1549.pom
2024-09-17 10:06:38,648 [Worker-29: Building] INFO  o.e.m.c.i.e.AbstractTransferListenerAdapter - Downloading https://repo.maven.apache.org/maven2/org/eclipse/equinox/registry/3.5.400-v20140428-1507/registry-3.5.400-v20140428-1507.pom
2024-09-17 10:06:38,685 [Worker-29: Building] INFO  o.e.m.c.i.e.AbstractTransferListenerAdapter - Downloaded https://repo.maven.apache.org/maven2/org/eclipse/equinox/registry/3.5.400-v20140428-1507/registry-3.5.400-v20140428-1507.pom
2024-09-17 10:06:38,731 [Worker-29: Building] INFO  o.e.m.c.i.e.AbstractTransferListenerAdapter - Downloading https://repo.maven.apache.org/maven2/org/eclipse/equinox/preferences/maven-metadata.xml
2024-09-17 10:06:38,770 [Worker-29: Building] INFO  o.e.m.c.i.e.AbstractTransferListenerAdapter - Downloaded https://repo.maven.apache.org/maven2/org/eclipse/equinox/preferences/maven-metadata.xml
2024-09-17 10:06:38,810 [Worker-29: Building] INFO  o.e.m.c.i.e.AbstractTransferListenerAdapter - Downloading https://repo.maven.apache.org/maven2/org/eclipse/equinox/preferences/3.5.100-v20130422-1538/preferences-3.5.100-v20130422-1538.pom
2024-09-17 10:06:38,859 [Worker-29: Building] INFO  o.e.m.c.i.e.AbstractTransferListenerAdapter - Downloaded https://repo.maven.apache.org/maven2/org/eclipse/equinox/preferences/3.5.100-v20130422-1538/preferences-3.5.100-v20130422-1538.pom
2024-09-17 10:06:38,902 [Worker-29: Building] INFO  o.e.m.c.i.e.AbstractTransferListenerAdapter - Downloading https://repo.maven.apache.org/maven2/org/eclipse/equinox/preferences/3.5.200-v20140224-1527/preferences-3.5.200-v20140224-1527.pom
2024-09-17 10:06:38,938 [Worker-29: Building] INFO  o.e.m.c.i.e.AbstractTransferListenerAdapter - Downloaded https://repo.maven.apache.org/maven2/org/eclipse/equinox/preferences/3.5.200-v20140224-1527/preferences-3.5.200-v20140224-1527.pom
2024-09-17 10:06:38,981 [Worker-29: Building] INFO  o.e.m.c.i.e.AbstractTransferListenerAdapter - Downloading https://repo.maven.apache.org/maven2/org/eclipse/core/contenttype/maven-metadata.xml
2024-09-17 10:06:39,014 [Worker-29: Building] INFO  o.e.m.c.i.e.AbstractTransferListenerAdapter - Downloaded https://repo.maven.apache.org/maven2/org/eclipse/core/contenttype/maven-metadata.xml
2024-09-17 10:06:39,050 [Worker-29: Building] INFO  o.e.m.c.i.e.AbstractTransferListenerAdapter - Downloading https://repo.maven.apache.org/maven2/org/eclipse/core/contenttype/3.4.200-v20130326-1255/contenttype-3.4.200-v20130326-1255.pom
2024-09-17 10:06:39,090 [Worker-29: Building] INFO  o.e.m.c.i.e.AbstractTransferListenerAdapter - Downloaded https://repo.maven.apache.org/maven2/org/eclipse/core/contenttype/3.4.200-v20130326-1255/contenttype-3.4.200-v20130326-1255.pom
2024-09-17 10:06:39,153 [Worker-29: Building] INFO  o.e.m.c.i.e.AbstractTransferListenerAdapter - Downloading https://repo.maven.apache.org/maven2/org/eclipse/core/contenttype/3.4.200-v20140207-1251/contenttype-3.4.200-v20140207-1251.pom
2024-09-17 10:06:39,188 [Worker-29: Building] INFO  o.e.m.c.i.e.AbstractTransferListenerAdapter - Downloaded https://repo.maven.apache.org/maven2/org/eclipse/core/contenttype/3.4.200-v20140207-1251/contenttype-3.4.200-v20140207-1251.pom
2024-09-17 10:06:39,226 [Worker-29: Building] INFO  o.e.m.c.i.e.AbstractTransferListenerAdapter - Downloading https://repo.maven.apache.org/maven2/org/eclipse/equinox/app/maven-metadata.xml
2024-09-17 10:06:39,261 [Worker-29: Building] INFO  o.e.m.c.i.e.AbstractTransferListenerAdapter - Downloaded https://repo.maven.apache.org/maven2/org/eclipse/equinox/app/maven-metadata.xml
2024-09-17 10:06:39,294 [Worker-29: Building] INFO  o.e.m.c.i.e.AbstractTransferListenerAdapter - Downloading https://repo.maven.apache.org/maven2/org/eclipse/equinox/app/1.3.100-v20130327-1442/app-1.3.100-v20130327-1442.pom
2024-09-17 10:06:39,328 [Worker-29: Building] INFO  o.e.m.c.i.e.AbstractTransferListenerAdapter - Downloaded https://repo.maven.apache.org/maven2/org/eclipse/equinox/app/1.3.100-v20130327-1442/app-1.3.100-v20130327-1442.pom
2024-09-17 10:06:39,398 [Worker-29: Building] INFO  o.e.m.c.i.e.AbstractTransferListenerAdapter - Downloading https://repo.maven.apache.org/maven2/org/eclipse/equinox/app/1.3.200-v20130910-1609/app-1.3.200-v20130910-1609.pom
2024-09-17 10:06:39,455 [Worker-29: Building] INFO  o.e.m.c.i.e.AbstractTransferListenerAdapter - Downloaded https://repo.maven.apache.org/maven2/org/eclipse/equinox/app/1.3.200-v20130910-1609/app-1.3.200-v20130910-1609.pom
2024-09-17 10:06:39,533 [Worker-29: Building] INFO  o.e.m.c.i.e.AbstractTransferListenerAdapter - Downloading https://repo.maven.apache.org/maven2/org/eclipse/birt/runtime/org.eclipse.core.resources/3.8.101.v20130717-0806/org.eclipse.core.resources-3.8.101.v20130717-0806.pom
2024-09-17 10:06:39,595 [Worker-29: Building] INFO  o.e.m.c.i.e.AbstractTransferListenerAdapter - Downloaded https://repo.maven.apache.org/maven2/org/eclipse/birt/runtime/org.eclipse.core.resources/3.8.101.v20130717-0806/org.eclipse.core.resources-3.8.101.v20130717-0806.pom
2024-09-17 10:06:39,822 [AetherRepositoryConnector-repo.maven.apache.org-0-1] INFO  o.e.m.c.i.e.AbstractTransferListenerAdapter - Downloading https://repo.maven.apache.org/maven2/org/eclipse/core/runtime/3.9.100-v20131218-1515/runtime-3.9.100-v20131218-1515.jar
2024-09-17 10:06:39,850 [AetherRepositoryConnector-repo.maven.apache.org-0-0] INFO  o.e.m.c.i.e.AbstractTransferListenerAdapter - Downloading https://repo.maven.apache.org/maven2/org/eclipse/tycho/org.eclipse.jdt.core/3.9.1.v20130905-0837/org.eclipse.jdt.core-3.9.1.v20130905-0837.jar
2024-09-17 10:06:39,855 [AetherRepositoryConnector-repo.maven.apache.org-0-2] INFO  o.e.m.c.i.e.AbstractTransferListenerAdapter - Downloading https://repo.maven.apache.org/maven2/org/eclipse/osgi/3.10.0-v20140606-1445/osgi-3.10.0-v20140606-1445.jar
2024-09-17 10:06:39,855 [AetherRepositoryConnector-repo.maven.apache.org-0-3] INFO  o.e.m.c.i.e.AbstractTransferListenerAdapter - Downloading https://repo.maven.apache.org/maven2/org/eclipse/equinox/common/3.6.200-v20130402-1505/common-3.6.200-v20130402-1505.jar
2024-09-17 10:06:39,855 [AetherRepositoryConnector-repo.maven.apache.org-0-4] INFO  o.e.m.c.i.e.AbstractTransferListenerAdapter - Downloading https://repo.maven.apache.org/maven2/org/eclipse/core/jobs/3.6.0-v20140424-0053/jobs-3.6.0-v20140424-0053.jar
2024-09-17 10:06:39,908 [AetherRepositoryConnector-repo.maven.apache.org-0-1] INFO  o.e.m.c.i.e.AbstractTransferListenerAdapter - Downloaded https://repo.maven.apache.org/maven2/org/eclipse/core/runtime/3.9.100-v20131218-1515/runtime-3.9.100-v20131218-1515.jar
2024-09-17 10:06:39,948 [AetherRepositoryConnector-repo.maven.apache.org-0-3] INFO  o.e.m.c.i.e.AbstractTransferListenerAdapter - Downloaded https://repo.maven.apache.org/maven2/org/eclipse/equinox/common/3.6.200-v20130402-1505/common-3.6.200-v20130402-1505.jar
2024-09-17 10:06:39,972 [AetherRepositoryConnector-repo.maven.apache.org-0-1] INFO  o.e.m.c.i.e.AbstractTransferListenerAdapter - Downloading https://repo.maven.apache.org/maven2/org/eclipse/equinox/registry/3.5.400-v20140428-1507/registry-3.5.400-v20140428-1507.jar
2024-09-17 10:06:39,979 [AetherRepositoryConnector-repo.maven.apache.org-0-4] INFO  o.e.m.c.i.e.AbstractTransferListenerAdapter - Downloaded https://repo.maven.apache.org/maven2/org/eclipse/core/jobs/3.6.0-v20140424-0053/jobs-3.6.0-v20140424-0053.jar
2024-09-17 10:06:40,002 [AetherRepositoryConnector-repo.maven.apache.org-0-3] INFO  o.e.m.c.i.e.AbstractTransferListenerAdapter - Downloading https://repo.maven.apache.org/maven2/org/eclipse/equinox/preferences/3.5.200-v20140224-1527/preferences-3.5.200-v20140224-1527.jar
2024-09-17 10:06:40,025 [AetherRepositoryConnector-repo.maven.apache.org-0-4] INFO  o.e.m.c.i.e.AbstractTransferListenerAdapter - Downloading https://repo.maven.apache.org/maven2/org/eclipse/core/contenttype/3.4.200-v20140207-1251/contenttype-3.4.200-v20140207-1251.jar
2024-09-17 10:06:40,071 [AetherRepositoryConnector-repo.maven.apache.org-0-2] INFO  o.e.m.c.i.e.AbstractTransferListenerAdapter - Downloaded https://repo.maven.apache.org/maven2/org/eclipse/osgi/3.10.0-v20140606-1445/osgi-3.10.0-v20140606-1445.jar
2024-09-17 10:06:40,075 [AetherRepositoryConnector-repo.maven.apache.org-0-1] INFO  o.e.m.c.i.e.AbstractTransferListenerAdapter - Downloaded https://repo.maven.apache.org/maven2/org/eclipse/equinox/registry/3.5.400-v20140428-1507/registry-3.5.400-v20140428-1507.jar
2024-09-17 10:06:40,075 [AetherRepositoryConnector-repo.maven.apache.org-0-3] INFO  o.e.m.c.i.e.AbstractTransferListenerAdapter - Downloaded https://repo.maven.apache.org/maven2/org/eclipse/equinox/preferences/3.5.200-v20140224-1527/preferences-3.5.200-v20140224-1527.jar
2024-09-17 10:06:40,106 [AetherRepositoryConnector-repo.maven.apache.org-0-4] INFO  o.e.m.c.i.e.AbstractTransferListenerAdapter - Downloaded https://repo.maven.apache.org/maven2/org/eclipse/core/contenttype/3.4.200-v20140207-1251/contenttype-3.4.200-v20140207-1251.jar
2024-09-17 10:06:40,117 [AetherRepositoryConnector-repo.maven.apache.org-0-2] INFO  o.e.m.c.i.e.AbstractTransferListenerAdapter - Downloading https://repo.maven.apache.org/maven2/org/eclipse/equinox/app/1.3.200-v20130910-1609/app-1.3.200-v20130910-1609.jar
2024-09-17 10:06:40,119 [AetherRepositoryConnector-repo.maven.apache.org-0-1] INFO  o.e.m.c.i.e.AbstractTransferListenerAdapter - Downloading https://repo.maven.apache.org/maven2/org/eclipse/birt/runtime/org.eclipse.core.resources/3.8.101.v20130717-0806/org.eclipse.core.resources-3.8.101.v20130717-0806.jar
2024-09-17 10:06:40,207 [AetherRepositoryConnector-repo.maven.apache.org-0-0] INFO  o.e.m.c.i.e.AbstractTransferListenerAdapter - Downloaded https://repo.maven.apache.org/maven2/org/eclipse/tycho/org.eclipse.jdt.core/3.9.1.v20130905-0837/org.eclipse.jdt.core-3.9.1.v20130905-0837.jar
2024-09-17 10:06:40,224 [AetherRepositoryConnector-repo.maven.apache.org-0-1] INFO  o.e.m.c.i.e.AbstractTransferListenerAdapter - Downloaded https://repo.maven.apache.org/maven2/org/eclipse/birt/runtime/org.eclipse.core.resources/3.8.101.v20130717-0806/org.eclipse.core.resources-3.8.101.v20130717-0806.jar
2024-09-17 10:06:40,224 [AetherRepositoryConnector-repo.maven.apache.org-0-2] INFO  o.e.m.c.i.e.AbstractTransferListenerAdapter - Downloaded https://repo.maven.apache.org/maven2/org/eclipse/equinox/app/1.3.200-v20130910-1609/app-1.3.200-v20130910-1609.jar
2024-09-17 10:06:40,850 [Worker-29: Building] INFO  o.e.m.c.i.embedder.EclipseLogger - Using 'UTF-8' encoding to copy filtered resources.
2024-09-17 10:06:40,853 [Worker-29: Building] INFO  o.e.m.c.i.embedder.EclipseLogger - Copying 0 resource
2024-09-17 10:06:40,855 [Worker-29: Building] INFO  o.e.m.c.i.embedder.EclipseLogger - Using 'UTF-8' encoding to copy filtered resources.
2024-09-17 10:06:40,857 [Worker-29: Building] INFO  o.e.m.c.i.embedder.EclipseLogger - Copying 0 resource
2024-09-17 10:06:41,668 [Worker-0: Download sources and javadoc] INFO  o.e.m.c.i.e.AbstractTransferListenerAdapter - Downloading https://repo.maven.apache.org/maven2/org/eclipse/tycho/org.eclipse.jdt.core/3.9.1.v20130905-0837/org.eclipse.jdt.core-3.9.1.v20130905-0837-sources.jar
2024-09-17 10:06:41,983 [Worker-0: Download sources and javadoc] INFO  o.e.m.c.i.e.AbstractTransferListenerAdapter - Downloaded https://repo.maven.apache.org/maven2/org/eclipse/tycho/org.eclipse.jdt.core/3.9.1.v20130905-0837/org.eclipse.jdt.core-3.9.1.v20130905-0837-sources.jar
2024-09-17 10:06:42,004 [Worker-0: Download sources and javadoc] INFO  o.e.m.j.internal.DownloadSourcesJob - Downloaded sources for org.eclipse.tycho:org.eclipse.jdt.core:3.9.1.v20130905-0837
2024-09-17 10:06:42,086 [Worker-7: Building] INFO  o.e.m.c.i.embedder.EclipseLogger - Using 'UTF-8' encoding to copy filtered resources.
2024-09-17 10:06:42,095 [Worker-7: Building] INFO  o.e.m.c.i.embedder.EclipseLogger - Copying 0 resource
2024-09-17 10:06:42,096 [Worker-7: Building] INFO  o.e.m.c.i.embedder.EclipseLogger - Using 'UTF-8' encoding to copy filtered resources.
2024-09-17 10:06:42,098 [Worker-7: Building] INFO  o.e.m.c.i.embedder.EclipseLogger - Copying 0 resource
2024-09-17 10:06:42,144 [Worker-0: Download sources and javadoc] INFO  o.e.m.c.i.e.AbstractTransferListenerAdapter - Downloading https://repo.maven.apache.org/maven2/org/eclipse/core/runtime/3.9.100-v20131218-1515/runtime-3.9.100-v20131218-1515-sources.jar
2024-09-17 10:06:42,214 [Worker-0: Download sources and javadoc] INFO  o.e.m.c.i.e.AbstractTransferListenerAdapter - Downloaded https://repo.maven.apache.org/maven2/org/eclipse/core/runtime/3.9.100-v20131218-1515/runtime-3.9.100-v20131218-1515-sources.jar
2024-09-17 10:06:42,230 [Worker-0: Download sources and javadoc] INFO  o.e.m.j.internal.DownloadSourcesJob - Downloaded sources for org.eclipse.core:runtime:3.9.100-v20131218-1515
2024-09-17 10:06:42,321 [Worker-0: Download sources and javadoc] INFO  o.e.m.c.i.e.AbstractTransferListenerAdapter - Downloading https://repo.maven.apache.org/maven2/org/eclipse/osgi/3.10.0-v20140606-1445/osgi-3.10.0-v20140606-1445-sources.jar
2024-09-17 10:06:42,464 [Worker-0: Download sources and javadoc] INFO  o.e.m.c.i.e.AbstractTransferListenerAdapter - Downloaded https://repo.maven.apache.org/maven2/org/eclipse/osgi/3.10.0-v20140606-1445/osgi-3.10.0-v20140606-1445-sources.jar
2024-09-17 10:06:42,492 [Worker-0: Download sources and javadoc] INFO  o.e.m.j.internal.DownloadSourcesJob - Downloaded sources for org.eclipse:osgi:3.10.0-v20140606-1445
2024-09-17 10:06:42,592 [Worker-0: Download sources and javadoc] INFO  o.e.m.c.i.e.AbstractTransferListenerAdapter - Downloading https://repo.maven.apache.org/maven2/org/eclipse/equinox/common/3.6.200-v20130402-1505/common-3.6.200-v20130402-1505-sources.jar
2024-09-17 10:06:42,689 [Worker-0: Download sources and javadoc] INFO  o.e.m.c.i.e.AbstractTransferListenerAdapter - Downloaded https://repo.maven.apache.org/maven2/org/eclipse/equinox/common/3.6.200-v20130402-1505/common-3.6.200-v20130402-1505-sources.jar
2024-09-17 10:06:42,702 [Worker-0: Download sources and javadoc] INFO  o.e.m.j.internal.DownloadSourcesJob - Downloaded sources for org.eclipse.equinox:common:3.6.200-v20130402-1505
2024-09-17 10:06:42,792 [Worker-0: Download sources and javadoc] INFO  o.e.m.c.i.e.AbstractTransferListenerAdapter - Downloading https://repo.maven.apache.org/maven2/org/eclipse/core/jobs/3.6.0-v20140424-0053/jobs-3.6.0-v20140424-0053-sources.jar
2024-09-17 10:06:42,862 [Worker-0: Download sources and javadoc] INFO  o.e.m.c.i.e.AbstractTransferListenerAdapter - Downloaded https://repo.maven.apache.org/maven2/org/eclipse/core/jobs/3.6.0-v20140424-0053/jobs-3.6.0-v20140424-0053-sources.jar
2024-09-17 10:06:42,887 [Worker-0: Download sources and javadoc] INFO  o.e.m.j.internal.DownloadSourcesJob - Downloaded sources for org.eclipse.core:jobs:3.6.0-v20140424-0053
2024-09-17 10:06:42,985 [Worker-0: Download sources and javadoc] INFO  o.e.m.c.i.e.AbstractTransferListenerAdapter - Downloading https://repo.maven.apache.org/maven2/org/eclipse/equinox/registry/3.5.400-v20140428-1507/registry-3.5.400-v20140428-1507-sources.jar
2024-09-17 10:06:43,071 [Worker-0: Download sources and javadoc] INFO  o.e.m.c.i.e.AbstractTransferListenerAdapter - Downloaded https://repo.maven.apache.org/maven2/org/eclipse/equinox/registry/3.5.400-v20140428-1507/registry-3.5.400-v20140428-1507-sources.jar
2024-09-17 10:06:43,089 [Worker-0: Download sources and javadoc] INFO  o.e.m.j.internal.DownloadSourcesJob - Downloaded sources for org.eclipse.equinox:registry:3.5.400-v20140428-1507
2024-09-17 10:06:43,130 [Worker-32: Building] INFO  o.e.m.c.i.embedder.EclipseLogger - Using 'UTF-8' encoding to copy filtered resources.
2024-09-17 10:06:43,130 [Worker-32: Building] INFO  o.e.m.c.i.embedder.EclipseLogger - Copying 0 resource
2024-09-17 10:06:43,131 [Worker-32: Building] INFO  o.e.m.c.i.embedder.EclipseLogger - Using 'UTF-8' encoding to copy filtered resources.
2024-09-17 10:06:43,131 [Worker-32: Building] INFO  o.e.m.c.i.embedder.EclipseLogger - Copying 0 resource
2024-09-17 10:06:43,185 [Worker-0: Download sources and javadoc] INFO  o.e.m.c.i.e.AbstractTransferListenerAdapter - Downloading https://repo.maven.apache.org/maven2/org/eclipse/equinox/preferences/3.5.200-v20140224-1527/preferences-3.5.200-v20140224-1527-sources.jar
2024-09-17 10:06:43,269 [Worker-0: Download sources and javadoc] INFO  o.e.m.c.i.e.AbstractTransferListenerAdapter - Downloaded https://repo.maven.apache.org/maven2/org/eclipse/equinox/preferences/3.5.200-v20140224-1527/preferences-3.5.200-v20140224-1527-sources.jar
2024-09-17 10:06:43,288 [Worker-0: Download sources and javadoc] INFO  o.e.m.j.internal.DownloadSourcesJob - Downloaded sources for org.eclipse.equinox:preferences:3.5.200-v20140224-1527
2024-09-17 10:06:43,382 [Worker-0: Download sources and javadoc] INFO  o.e.m.c.i.e.AbstractTransferListenerAdapter - Downloading https://repo.maven.apache.org/maven2/org/eclipse/core/contenttype/3.4.200-v20140207-1251/contenttype-3.4.200-v20140207-1251-sources.jar
2024-09-17 10:06:43,448 [Worker-0: Download sources and javadoc] INFO  o.e.m.c.i.e.AbstractTransferListenerAdapter - Downloaded https://repo.maven.apache.org/maven2/org/eclipse/core/contenttype/3.4.200-v20140207-1251/contenttype-3.4.200-v20140207-1251-sources.jar
2024-09-17 10:06:43,462 [Worker-0: Download sources and javadoc] INFO  o.e.m.j.internal.DownloadSourcesJob - Downloaded sources for org.eclipse.core:contenttype:3.4.200-v20140207-1251
2024-09-17 10:06:43,550 [Worker-0: Download sources and javadoc] INFO  o.e.m.c.i.e.AbstractTransferListenerAdapter - Downloading https://repo.maven.apache.org/maven2/org/eclipse/equinox/app/1.3.200-v20130910-1609/app-1.3.200-v20130910-1609-sources.jar
2024-09-17 10:06:43,617 [Worker-0: Download sources and javadoc] INFO  o.e.m.c.i.e.AbstractTransferListenerAdapter - Downloaded https://repo.maven.apache.org/maven2/org/eclipse/equinox/app/1.3.200-v20130910-1609/app-1.3.200-v20130910-1609-sources.jar
2024-09-17 10:06:43,634 [Worker-0: Download sources and javadoc] INFO  o.e.m.j.internal.DownloadSourcesJob - Downloaded sources for org.eclipse.equinox:app:1.3.200-v20130910-1609
2024-09-17 10:06:43,721 [Worker-0: Download sources and javadoc] INFO  o.e.m.c.i.e.AbstractTransferListenerAdapter - Downloading https://repo.maven.apache.org/maven2/org/eclipse/birt/runtime/org.eclipse.core.resources/3.8.101.v20130717-0806/org.eclipse.core.resources-3.8.101.v20130717-0806-sources.jar
2024-09-17 10:06:43,765 [Worker-0: Download sources and javadoc] INFO  o.e.m.c.i.e.AbstractTransferListenerAdapter - Downloaded https://repo.maven.apache.org/maven2/org/eclipse/birt/runtime/org.eclipse.core.resources/3.8.101.v20130717-0806/org.eclipse.core.resources-3.8.101.v20130717-0806-sources.jar
2024-09-17 10:06:43,783 [Worker-0: Download sources and javadoc] INFO  o.e.m.j.internal.DownloadSourcesJob - Downloaded sources for org.eclipse.birt.runtime:org.eclipse.core.resources:3.8.101.v20130717-0806
2024-09-17 10:06:43,890 [Worker-0: Download sources and javadoc] INFO  o.e.m.c.i.e.AbstractTransferListenerAdapter - Downloading https://repo.maven.apache.org/maven2/commons-io/commons-io/2.11.0/commons-io-2.11.0-sources.jar
2024-09-17 10:06:44,009 [Worker-0: Download sources and javadoc] INFO  o.e.m.c.i.e.AbstractTransferListenerAdapter - Downloaded https://repo.maven.apache.org/maven2/commons-io/commons-io/2.11.0/commons-io-2.11.0-sources.jar
2024-09-17 10:06:44,022 [Worker-0: Download sources and javadoc] INFO  o.e.m.j.internal.DownloadSourcesJob - Downloaded sources for commons-io:commons-io:2.11.0
2024-09-17 10:06:44,158 [Worker-8: Building] INFO  o.e.m.c.i.embedder.EclipseLogger - Using 'UTF-8' encoding to copy filtered resources.
2024-09-17 10:06:44,159 [Worker-8: Building] INFO  o.e.m.c.i.embedder.EclipseLogger - Copying 0 resource
2024-09-17 10:06:44,159 [Worker-8: Building] INFO  o.e.m.c.i.embedder.EclipseLogger - Using 'UTF-8' encoding to copy filtered resources.
2024-09-17 10:06:44,159 [Worker-8: Building] INFO  o.e.m.c.i.embedder.EclipseLogger - Copying 0 resource
